<?xml version="1.0" encoding="UTF-8"?>
<testsuite name="whz.pti.eva.pizzaService.domain.ItemTest" tests="1" skipped="0" failures="0" errors="0" timestamp="2020-12-06T15:26:12" hostname="PavloKaikovsMBP.fritz.box" time="0.012">
  <properties/>
  <testcase name="shouldSaveEntityItem()" classname="whz.pti.eva.pizzaService.domain.ItemTest" time="0.012"/>
  <system-out><![CDATA[2020-12-06 16:26:12.185  INFO 54682 --- [    Test worker] .b.t.c.SpringBootTestContextBootstrapper : Neither @ContextConfiguration nor @ContextHierarchy found for test class [whz.pti.eva.pizzaService.domain.ItemTest], using SpringBootContextLoader
2020-12-06 16:26:12.185  INFO 54682 --- [    Test worker] o.s.t.c.support.AbstractContextLoader    : Could not detect default resource locations for test class [whz.pti.eva.pizzaService.domain.ItemTest]: no resource found for suffixes {-context.xml, Context.groovy}.
2020-12-06 16:26:12.186  INFO 54682 --- [    Test worker] t.c.s.AnnotationConfigContextLoaderUtils : Could not detect default configuration classes for test class [whz.pti.eva.pizzaService.domain.ItemTest]: ItemTest does not declare any static, non-private, non-final, nested classes annotated with @Configuration.
2020-12-06 16:26:12.189  INFO 54682 --- [    Test worker] .b.t.c.SpringBootTestContextBootstrapper : Found @SpringBootConfiguration whz.pti.eva.pizzaService.PizzaServiceStraesserBaitakovaApplication for test class whz.pti.eva.pizzaService.domain.ItemTest
2020-12-06 16:26:12.190  INFO 54682 --- [    Test worker] .b.t.c.SpringBootTestContextBootstrapper : Loaded default TestExecutionListener class names from location [META-INF/spring.factories]: [org.springframework.boot.test.autoconfigure.restdocs.RestDocsTestExecutionListener, org.springframework.boot.test.autoconfigure.web.client.MockRestServiceServerResetTestExecutionListener, org.springframework.boot.test.autoconfigure.web.servlet.MockMvcPrintOnlyOnFailureTestExecutionListener, org.springframework.boot.test.autoconfigure.web.servlet.WebDriverTestExecutionListener, org.springframework.boot.test.autoconfigure.webservices.client.MockWebServiceServerTestExecutionListener, org.springframework.boot.test.mock.mockito.MockitoTestExecutionListener, org.springframework.boot.test.mock.mockito.ResetMocksTestExecutionListener, org.springframework.test.context.web.ServletTestExecutionListener, org.springframework.test.context.support.DirtiesContextBeforeModesTestExecutionListener, org.springframework.test.context.support.DependencyInjectionTestExecutionListener, org.springframework.test.context.support.DirtiesContextTestExecutionListener, org.springframework.test.context.transaction.TransactionalTestExecutionListener, org.springframework.test.context.jdbc.SqlScriptsTestExecutionListener, org.springframework.test.context.event.EventPublishingTestExecutionListener]
2020-12-06 16:26:12.190  INFO 54682 --- [    Test worker] .b.t.c.SpringBootTestContextBootstrapper : Using TestExecutionListeners: [org.springframework.test.context.web.ServletTestExecutionListener@cd5861bc, org.springframework.test.context.support.DirtiesContextBeforeModesTestExecutionListener@1200bdea, org.springframework.boot.test.mock.mockito.MockitoTestExecutionListener@9fd5479c, org.springframework.boot.test.autoconfigure.SpringBootDependencyInjectionTestExecutionListener@ca2834cf, org.springframework.test.context.support.DirtiesContextTestExecutionListener@9070beec, org.springframework.test.context.transaction.TransactionalTestExecutionListener@9d0baba6, org.springframework.test.context.jdbc.SqlScriptsTestExecutionListener@3839280a, org.springframework.test.context.event.EventPublishingTestExecutionListener@8cecc9eb, org.springframework.boot.test.autoconfigure.restdocs.RestDocsTestExecutionListener@3b509298, org.springframework.boot.test.autoconfigure.web.client.MockRestServiceServerResetTestExecutionListener@b4fd6c80, org.springframework.boot.test.autoconfigure.web.servlet.MockMvcPrintOnlyOnFailureTestExecutionListener@3ba2adcc, org.springframework.boot.test.autoconfigure.web.servlet.WebDriverTestExecutionListener@64a5c81a, org.springframework.boot.test.autoconfigure.webservices.client.MockWebServiceServerTestExecutionListener@c6ef061d, org.springframework.boot.test.mock.mockito.ResetMocksTestExecutionListener@111efa57]
]]></system-out>
  <system-err><![CDATA[]]></system-err>
</testsuite>
