<?xml version="1.0" encoding="UTF-8"?>
<testsuite name="whz.pti.eva.pizzaService.PizzaServiceStraesserBaitakovaApplicationTests" tests="1" skipped="0" failures="0" errors="0" timestamp="2020-12-06T15:26:12" hostname="PavloKaikovsMBP.fritz.box" time="0.077">
  <properties/>
  <testcase name="contextLoads()" classname="whz.pti.eva.pizzaService.PizzaServiceStraesserBaitakovaApplicationTests" time="0.077"/>
  <system-out><![CDATA[16:26:08.969 [Test worker] DEBUG org.springframework.test.context.BootstrapUtils - Instantiating CacheAwareContextLoaderDelegate from class [org.springframework.test.context.cache.DefaultCacheAwareContextLoaderDelegate]
16:26:08.977 [Test worker] DEBUG org.springframework.test.context.BootstrapUtils - Instantiating BootstrapContext using constructor [public org.springframework.test.context.support.DefaultBootstrapContext(java.lang.Class,org.springframework.test.context.CacheAwareContextLoaderDelegate)]
16:26:08.993 [Test worker] DEBUG org.springframework.test.context.BootstrapUtils - Instantiating TestContextBootstrapper for test class [whz.pti.eva.pizzaService.PizzaServiceStraesserBaitakovaApplicationTests] from class [org.springframework.boot.test.context.SpringBootTestContextBootstrapper]
16:26:09.004 [Test worker] INFO org.springframework.boot.test.context.SpringBootTestContextBootstrapper - Neither @ContextConfiguration nor @ContextHierarchy found for test class [whz.pti.eva.pizzaService.PizzaServiceStraesserBaitakovaApplicationTests], using SpringBootContextLoader
16:26:09.008 [Test worker] DEBUG org.springframework.test.context.support.AbstractContextLoader - Did not detect default resource location for test class [whz.pti.eva.pizzaService.PizzaServiceStraesserBaitakovaApplicationTests]: class path resource [whz/pti/eva/pizzaService/PizzaServiceStraesserBaitakovaApplicationTests-context.xml] does not exist
16:26:09.008 [Test worker] DEBUG org.springframework.test.context.support.AbstractContextLoader - Did not detect default resource location for test class [whz.pti.eva.pizzaService.PizzaServiceStraesserBaitakovaApplicationTests]: class path resource [whz/pti/eva/pizzaService/PizzaServiceStraesserBaitakovaApplicationTestsContext.groovy] does not exist
16:26:09.008 [Test worker] INFO org.springframework.test.context.support.AbstractContextLoader - Could not detect default resource locations for test class [whz.pti.eva.pizzaService.PizzaServiceStraesserBaitakovaApplicationTests]: no resource found for suffixes {-context.xml, Context.groovy}.
16:26:09.009 [Test worker] INFO org.springframework.test.context.support.AnnotationConfigContextLoaderUtils - Could not detect default configuration classes for test class [whz.pti.eva.pizzaService.PizzaServiceStraesserBaitakovaApplicationTests]: PizzaServiceStraesserBaitakovaApplicationTests does not declare any static, non-private, non-final, nested classes annotated with @Configuration.
16:26:09.041 [Test worker] DEBUG org.springframework.test.context.support.ActiveProfilesUtils - Could not find an 'annotation declaring class' for annotation type [org.springframework.test.context.ActiveProfiles] and class [whz.pti.eva.pizzaService.PizzaServiceStraesserBaitakovaApplicationTests]
16:26:09.081 [Test worker] DEBUG org.springframework.context.annotation.ClassPathScanningCandidateComponentProvider - Identified candidate component class: file [/Users/pkalashnikov/Development/DummyWorkspace/PizzaService/build/classes/java/main/whz/pti/eva/pizzaService/PizzaServiceStraesserBaitakovaApplication.class]
16:26:09.082 [Test worker] INFO org.springframework.boot.test.context.SpringBootTestContextBootstrapper - Found @SpringBootConfiguration whz.pti.eva.pizzaService.PizzaServiceStraesserBaitakovaApplication for test class whz.pti.eva.pizzaService.PizzaServiceStraesserBaitakovaApplicationTests
16:26:09.151 [Test worker] DEBUG org.springframework.boot.test.context.SpringBootTestContextBootstrapper - @TestExecutionListeners is not present for class [whz.pti.eva.pizzaService.PizzaServiceStraesserBaitakovaApplicationTests]: using defaults.
16:26:09.151 [Test worker] INFO org.springframework.boot.test.context.SpringBootTestContextBootstrapper - Loaded default TestExecutionListener class names from location [META-INF/spring.factories]: [org.springframework.boot.test.autoconfigure.restdocs.RestDocsTestExecutionListener, org.springframework.boot.test.autoconfigure.web.client.MockRestServiceServerResetTestExecutionListener, org.springframework.boot.test.autoconfigure.web.servlet.MockMvcPrintOnlyOnFailureTestExecutionListener, org.springframework.boot.test.autoconfigure.web.servlet.WebDriverTestExecutionListener, org.springframework.boot.test.autoconfigure.webservices.client.MockWebServiceServerTestExecutionListener, org.springframework.boot.test.mock.mockito.MockitoTestExecutionListener, org.springframework.boot.test.mock.mockito.ResetMocksTestExecutionListener, org.springframework.test.context.web.ServletTestExecutionListener, org.springframework.test.context.support.DirtiesContextBeforeModesTestExecutionListener, org.springframework.test.context.support.DependencyInjectionTestExecutionListener, org.springframework.test.context.support.DirtiesContextTestExecutionListener, org.springframework.test.context.transaction.TransactionalTestExecutionListener, org.springframework.test.context.jdbc.SqlScriptsTestExecutionListener, org.springframework.test.context.event.EventPublishingTestExecutionListener]
16:26:09.160 [Test worker] INFO org.springframework.boot.test.context.SpringBootTestContextBootstrapper - Using TestExecutionListeners: [org.springframework.test.context.web.ServletTestExecutionListener@cdc7a32f, org.springframework.test.context.support.DirtiesContextBeforeModesTestExecutionListener@9593319e, org.springframework.boot.test.mock.mockito.MockitoTestExecutionListener@ad7d66c6, org.springframework.boot.test.autoconfigure.SpringBootDependencyInjectionTestExecutionListener@a82f184e, org.springframework.test.context.support.DirtiesContextTestExecutionListener@64f5641, org.springframework.test.context.transaction.TransactionalTestExecutionListener@99dc1af0, org.springframework.test.context.jdbc.SqlScriptsTestExecutionListener@b803c252, org.springframework.test.context.event.EventPublishingTestExecutionListener@d33eee5f, org.springframework.boot.test.autoconfigure.restdocs.RestDocsTestExecutionListener@51062a40, org.springframework.boot.test.autoconfigure.web.client.MockRestServiceServerResetTestExecutionListener@50b17704, org.springframework.boot.test.autoconfigure.web.servlet.MockMvcPrintOnlyOnFailureTestExecutionListener@79f354fa, org.springframework.boot.test.autoconfigure.web.servlet.WebDriverTestExecutionListener@59d11254, org.springframework.boot.test.autoconfigure.webservices.client.MockWebServiceServerTestExecutionListener@a33cfad3, org.springframework.boot.test.mock.mockito.ResetMocksTestExecutionListener@44fb64b2]
16:26:09.163 [Test worker] DEBUG org.springframework.test.context.support.AbstractDirtiesContextTestExecutionListener - Before test class: context [DefaultTestContext@643490dc testClass = PizzaServiceStraesserBaitakovaApplicationTests, testInstance = [null], testMethod = [null], testException = [null], mergedContextConfiguration = [WebMergedContextConfiguration@898ea561 testClass = PizzaServiceStraesserBaitakovaApplicationTests, locations = '{}', classes = '{class whz.pti.eva.pizzaService.PizzaServiceStraesserBaitakovaApplication}', contextInitializerClasses = '[]', activeProfiles = '{}', propertySourceLocations = '{}', propertySourceProperties = '{org.springframework.boot.test.context.SpringBootTestContextBootstrapper=true}', contextCustomizers = set[org.springframework.boot.test.autoconfigure.properties.PropertyMappingContextCustomizer@0, org.springframework.boot.test.autoconfigure.web.servlet.WebDriverContextCustomizerFactory$Customizer@ccba2110, org.springframework.boot.test.context.filter.ExcludeFilterContextCustomizer@c272e6a1, org.springframework.boot.test.json.DuplicateJsonObjectContextCustomizerFactory$DuplicateJsonObjectContextCustomizer@f621cea0, org.springframework.boot.test.mock.mockito.MockitoContextCustomizer@0, org.springframework.boot.test.web.client.TestRestTemplateContextCustomizer@6801a596, org.springframework.boot.test.context.SpringBootTestArgs@1, org.springframework.boot.test.context.SpringBootTestWebEnvironment@c62447d3], resourceBasePath = 'src/main/webapp', contextLoader = 'org.springframework.boot.test.context.SpringBootContextLoader', parent = [null]], attributes = map['org.springframework.test.context.web.ServletTestExecutionListener.activateListener' -> true]], class annotated with @DirtiesContext [false] with mode [null].
16:26:09.182 [Test worker] DEBUG org.springframework.test.context.support.TestPropertySourceUtils - Adding inlined properties to environment: {spring.jmx.enabled=false, org.springframework.boot.test.context.SpringBootTestContextBootstrapper=true}

  .   ____          _            __ _ _
 /\\ / ___'_ __ _ _(_)_ __  __ _ \ \ \ \
( ( )\___ | '_ | '_| | '_ \/ _` | \ \ \ \
 \\/  ___)| |_)| | | | | || (_| |  ) ) ) )
  '  |____| .__|_| |_|_| |_\__, | / / / /
 =========|_|==============|___/=/_/_/_/
 :: Spring Boot ::        (v2.3.5.RELEASE)

2020-12-06 16:26:09.356  INFO 54682 --- [    Test worker] erviceStraesserBaitakovaApplicationTests : Starting PizzaServiceStraesserBaitakovaApplicationTests on PavloKaikovsMBP.fritz.box with PID 54682 (started by pkalashnikov in /Users/pkalashnikov/Development/DummyWorkspace/PizzaService)
2020-12-06 16:26:09.357  INFO 54682 --- [    Test worker] erviceStraesserBaitakovaApplicationTests : No active profile set, falling back to default profiles: default
2020-12-06 16:26:09.805  INFO 54682 --- [    Test worker] .s.d.r.c.RepositoryConfigurationDelegate : Bootstrapping Spring Data JPA repositories in DEFERRED mode.
2020-12-06 16:26:09.858  INFO 54682 --- [    Test worker] .s.d.r.c.RepositoryConfigurationDelegate : Finished Spring Data repository scanning in 49ms. Found 7 JPA repository interfaces.
2020-12-06 16:26:10.236  INFO 54682 --- [    Test worker] o.s.s.concurrent.ThreadPoolTaskExecutor  : Initializing ExecutorService 'applicationTaskExecutor'
2020-12-06 16:26:10.250  INFO 54682 --- [    Test worker] com.zaxxer.hikari.HikariDataSource       : HikariPool-1 - Starting...
2020-12-06 16:26:10.360  INFO 54682 --- [    Test worker] com.zaxxer.hikari.HikariDataSource       : HikariPool-1 - Start completed.
2020-12-06 16:26:10.405  INFO 54682 --- [         task-1] o.hibernate.jpa.internal.util.LogHelper  : HHH000204: Processing PersistenceUnitInfo [name: default]
2020-12-06 16:26:10.460  INFO 54682 --- [         task-1] org.hibernate.Version                    : HHH000412: Hibernate ORM core version 5.4.22.Final
2020-12-06 16:26:10.558  INFO 54682 --- [         task-1] o.hibernate.annotations.common.Version   : HCANN000001: Hibernate Commons Annotations {5.1.0.Final}
2020-12-06 16:26:10.644  INFO 54682 --- [         task-1] org.hibernate.dialect.Dialect            : HHH000400: Using dialect: org.hibernate.dialect.H2Dialect
2020-12-06 16:26:11.052  INFO 54682 --- [         task-1] org.hibernate.tuple.PojoInstantiator     : HHH000182: No default (no-argument) constructor for class: whz.pti.eva.pizzaService.customer.domain.DeliveryAddress (class must be instantiated by Interceptor)
2020-12-06 16:26:11.173  INFO 54682 --- [         task-1] o.h.e.t.j.p.i.JtaPlatformInitiator       : HHH000490: Using JtaPlatform implementation: [org.hibernate.engine.transaction.jta.platform.internal.NoJtaPlatform]
2020-12-06 16:26:11.178  INFO 54682 --- [         task-1] j.LocalContainerEntityManagerFactoryBean : Initialized JPA EntityManagerFactory for persistence unit 'default'
2020-12-06 16:26:11.562  WARN 54682 --- [    Test worker] JpaBaseConfiguration$JpaWebConfiguration : spring.jpa.open-in-view is enabled by default. Therefore, database queries may be performed during view rendering. Explicitly configure spring.jpa.open-in-view to disable this warning
2020-12-06 16:26:11.768  INFO 54682 --- [    Test worker] o.s.b.a.h2.H2ConsoleAutoConfiguration    : H2 console available at '/h2-console'. Database available at 'jdbc:h2:mem:587e7791-53e9-4aeb-8486-09331e900e03'
2020-12-06 16:26:12.002  INFO 54682 --- [    Test worker] DeferredRepositoryInitializationListener : Triggering deferred initialization of Spring Data repositories…
2020-12-06 16:26:12.087  INFO 54682 --- [    Test worker] DeferredRepositoryInitializationListener : Spring Data repositories initialized!
2020-12-06 16:26:12.092  INFO 54682 --- [    Test worker] erviceStraesserBaitakovaApplicationTests : Started PizzaServiceStraesserBaitakovaApplicationTests in 2.902 seconds (JVM running for 3.59)
Test
]]></system-out>
  <system-err><![CDATA[]]></system-err>
</testsuite>
